Determining if the pthread_create exist failed with the following output:
Change Dir: /home/hackers/Devel/tmp/sdl/CMakeFiles/CMakeTmp

Run Build Command:"/usr/bin/make" "cmTryCompileExec3263429973/fast"
/usr/bin/make -f CMakeFiles/cmTryCompileExec3263429973.dir/build.make CMakeFiles/cmTryCompileExec3263429973.dir/build
make[1]: Вход в каталог `/home/hackers/Devel/tmp/sdl/CMakeFiles/CMakeTmp'
/usr/bin/cmake -E cmake_progress_report /home/hackers/Devel/tmp/sdl/CMakeFiles/CMakeTmp/CMakeFiles 1
Building C object CMakeFiles/cmTryCompileExec3263429973.dir/CheckSymbolExists.c.o
/usr/bin/cc    -o CMakeFiles/cmTryCompileExec3263429973.dir/CheckSymbolExists.c.o   -c /home/hackers/Devel/tmp/sdl/CMakeFiles/CMakeTmp/CheckSymbolExists.c
Linking C executable cmTryCompileExec3263429973
/usr/bin/cmake -E cmake_link_script CMakeFiles/cmTryCompileExec3263429973.dir/link.txt --verbose=1
/usr/bin/cc       CMakeFiles/cmTryCompileExec3263429973.dir/CheckSymbolExists.c.o  -o cmTryCompileExec3263429973 -rdynamic 
CMakeFiles/cmTryCompileExec3263429973.dir/CheckSymbolExists.c.o: In function `main':
CheckSymbolExists.c:(.text+0x16): undefined reference to `pthread_create'
collect2: error: ld returned 1 exit status
make[1]: *** [cmTryCompileExec3263429973] Ошибка 1
make[1]: Выход из каталога `/home/hackers/Devel/tmp/sdl/CMakeFiles/CMakeTmp'
make: *** [cmTryCompileExec3263429973/fast] Ошибка 2

File /home/hackers/Devel/tmp/sdl/CMakeFiles/CMakeTmp/CheckSymbolExists.c:
/* */
#include <pthread.h>

int main(int argc, char** argv)
{
  (void)argv;
#ifndef pthread_create
  return ((int*)(&pthread_create))[argc];
#else
  (void)argc;
  return 0;
#endif
}

Determining if the function pthread_create exists in the pthreads failed with the following output:
Change Dir: /home/hackers/Devel/tmp/sdl/CMakeFiles/CMakeTmp

Run Build Command:"/usr/bin/make" "cmTryCompileExec1630119408/fast"
/usr/bin/make -f CMakeFiles/cmTryCompileExec1630119408.dir/build.make CMakeFiles/cmTryCompileExec1630119408.dir/build
make[1]: Вход в каталог `/home/hackers/Devel/tmp/sdl/CMakeFiles/CMakeTmp'
/usr/bin/cmake -E cmake_progress_report /home/hackers/Devel/tmp/sdl/CMakeFiles/CMakeTmp/CMakeFiles 1
Building C object CMakeFiles/cmTryCompileExec1630119408.dir/CheckFunctionExists.c.o
/usr/bin/cc   -DCHECK_FUNCTION_EXISTS=pthread_create   -o CMakeFiles/cmTryCompileExec1630119408.dir/CheckFunctionExists.c.o   -c /usr/share/cmake-3.2/Modules/CheckFunctionExists.c
Linking C executable cmTryCompileExec1630119408
/usr/bin/cmake -E cmake_link_script CMakeFiles/cmTryCompileExec1630119408.dir/link.txt --verbose=1
/usr/bin/cc   -DCHECK_FUNCTION_EXISTS=pthread_create    CMakeFiles/cmTryCompileExec1630119408.dir/CheckFunctionExists.c.o  -o cmTryCompileExec1630119408 -rdynamic -lpthreads 
/usr/bin/ld: cannot find -lpthreads
collect2: error: ld returned 1 exit status
make[1]: *** [cmTryCompileExec1630119408] Ошибка 1
make[1]: Выход из каталога `/home/hackers/Devel/tmp/sdl/CMakeFiles/CMakeTmp'
make: *** [cmTryCompileExec1630119408/fast] Ошибка 2


Determining if the pthread_create exist failed with the following output:
Change Dir: /home/max/OS/sdl/CMakeFiles/CMakeTmp

Run Build Command:"/usr/bin/make" "cmTC_b5641/fast"
/usr/bin/make -f CMakeFiles/cmTC_b5641.dir/build.make CMakeFiles/cmTC_b5641.dir/build
make[1]: вход в каталог «/home/max/OS/sdl/CMakeFiles/CMakeTmp»
Building C object CMakeFiles/cmTC_b5641.dir/CheckSymbolExists.c.o
/usr/bin/cc     -o CMakeFiles/cmTC_b5641.dir/CheckSymbolExists.c.o   -c /home/max/OS/sdl/CMakeFiles/CMakeTmp/CheckSymbolExists.c
Linking C executable cmTC_b5641
/usr/bin/cmake -E cmake_link_script CMakeFiles/cmTC_b5641.dir/link.txt --verbose=1
/usr/bin/cc       CMakeFiles/cmTC_b5641.dir/CheckSymbolExists.c.o  -o cmTC_b5641 -rdynamic 
CMakeFiles/cmTC_b5641.dir/CheckSymbolExists.c.o: In function `main':
CheckSymbolExists.c:(.text+0x16): undefined reference to `pthread_create'
collect2: error: ld returned 1 exit status
CMakeFiles/cmTC_b5641.dir/build.make:97: ошибка выполнения рецепта для цели «cmTC_b5641»
make[1]: *** [cmTC_b5641] Ошибка 1
make[1]: выход из каталога «/home/max/OS/sdl/CMakeFiles/CMakeTmp»
Makefile:126: ошибка выполнения рецепта для цели «cmTC_b5641/fast»
make: *** [cmTC_b5641/fast] Ошибка 2

File /home/max/OS/sdl/CMakeFiles/CMakeTmp/CheckSymbolExists.c:
/* */
#include <pthread.h>

int main(int argc, char** argv)
{
  (void)argv;
#ifndef pthread_create
  return ((int*)(&pthread_create))[argc];
#else
  (void)argc;
  return 0;
#endif
}

Determining if the function pthread_create exists in the pthreads failed with the following output:
Change Dir: /home/max/OS/sdl/CMakeFiles/CMakeTmp

Run Build Command:"/usr/bin/make" "cmTC_b5481/fast"
/usr/bin/make -f CMakeFiles/cmTC_b5481.dir/build.make CMakeFiles/cmTC_b5481.dir/build
make[1]: вход в каталог «/home/max/OS/sdl/CMakeFiles/CMakeTmp»
Building C object CMakeFiles/cmTC_b5481.dir/CheckFunctionExists.c.o
/usr/bin/cc    -DCHECK_FUNCTION_EXISTS=pthread_create   -o CMakeFiles/cmTC_b5481.dir/CheckFunctionExists.c.o   -c /usr/share/cmake-3.5/Modules/CheckFunctionExists.c
Linking C executable cmTC_b5481
/usr/bin/cmake -E cmake_link_script CMakeFiles/cmTC_b5481.dir/link.txt --verbose=1
/usr/bin/cc   -DCHECK_FUNCTION_EXISTS=pthread_create    CMakeFiles/cmTC_b5481.dir/CheckFunctionExists.c.o  -o cmTC_b5481 -rdynamic -lpthreads 
/usr/bin/ld: cannot find -lpthreads
collect2: error: ld returned 1 exit status
CMakeFiles/cmTC_b5481.dir/build.make:97: ошибка выполнения рецепта для цели «cmTC_b5481»
make[1]: *** [cmTC_b5481] Ошибка 1
make[1]: выход из каталога «/home/max/OS/sdl/CMakeFiles/CMakeTmp»
Makefile:126: ошибка выполнения рецепта для цели «cmTC_b5481/fast»
make: *** [cmTC_b5481/fast] Ошибка 2


